2023/06/17 11:16:53 [notice] 1#1: using the "epoll" event method
2023/06/17 11:16:53 [notice] 1#1: nginx/1.25.1
2023/06/17 11:16:53 [notice] 1#1: built by gcc 12.2.0 (Debian 12.2.0-14) 
2023/06/17 11:16:53 [notice] 1#1: OS: Linux 5.4.0-148-generic
2023/06/17 11:16:53 [notice] 1#1: getrlimit(RLIMIT_NOFILE): 1048576:1048576
2023/06/17 11:16:53 [notice] 1#1: start worker processes
2023/06/17 11:16:53 [notice] 1#1: start worker process 28
2023/06/17 11:16:53 [notice] 1#1: start worker process 29
2023/06/17 11:17:25 [notice] 1#1: signal 3 (SIGQUIT) received, shutting down
2023/06/17 11:17:25 [notice] 28#28: gracefully shutting down
2023/06/17 11:17:25 [notice] 28#28: exiting
2023/06/17 11:17:25 [notice] 28#28: exit
2023/06/17 11:17:25 [notice] 29#29: gracefully shutting down
2023/06/17 11:17:25 [notice] 29#29: exiting
2023/06/17 11:17:25 [notice] 29#29: exit
2023/06/17 11:17:25 [notice] 1#1: signal 17 (SIGCHLD) received from 28
2023/06/17 11:17:25 [notice] 1#1: worker process 28 exited with code 0
2023/06/17 11:17:25 [notice] 1#1: worker process 29 exited with code 0
2023/06/17 11:17:25 [notice] 1#1: exit
2023/06/17 11:20:31 [notice] 1#1: using the "epoll" event method
2023/06/17 11:20:31 [notice] 1#1: nginx/1.25.1
2023/06/17 11:20:31 [notice] 1#1: built by gcc 12.2.0 (Debian 12.2.0-14) 
2023/06/17 11:20:31 [notice] 1#1: OS: Linux 5.4.0-148-generic
2023/06/17 11:20:31 [notice] 1#1: getrlimit(RLIMIT_NOFILE): 1048576:1048576
2023/06/17 11:20:31 [notice] 1#1: start worker processes
2023/06/17 11:20:31 [notice] 1#1: start worker process 28
2023/06/17 11:20:31 [notice] 1#1: start worker process 29
2023/06/17 11:20:33 [notice] 1#1: signal 3 (SIGQUIT) received, shutting down
2023/06/17 11:20:33 [notice] 28#28: gracefully shutting down
2023/06/17 11:20:33 [notice] 29#29: gracefully shutting down
2023/06/17 11:20:33 [notice] 28#28: exiting
2023/06/17 11:20:33 [notice] 29#29: exiting
2023/06/17 11:20:33 [notice] 28#28: exit
2023/06/17 11:20:33 [notice] 29#29: exit
2023/06/17 11:20:33 [notice] 1#1: signal 17 (SIGCHLD) received from 29
2023/06/17 11:20:33 [notice] 1#1: worker process 29 exited with code 0
2023/06/17 11:20:33 [notice] 1#1: signal 29 (SIGIO) received
2023/06/17 11:20:33 [notice] 1#1: signal 17 (SIGCHLD) received from 28
2023/06/17 11:20:33 [notice] 1#1: worker process 28 exited with code 0
2023/06/17 11:20:33 [notice] 1#1: exit
